Release 14.4 - xst P.49d (lin64)
Copyright (c) 1995-2012 Xilinx, Inc.  All rights reserved.
--> 
Parameter TMPDIR set to xst/projnav.tmp


Total REAL time to Xst completion: 0.00 secs
Total CPU time to Xst completion: 0.04 secs
 
--> 
Parameter xsthdpdir set to xst


Total REAL time to Xst completion: 0.00 secs
Total CPU time to Xst completion: 0.04 secs
 
--> 
Reading design: top.prj

TABLE OF CONTENTS
  1) Synthesis Options Summary
  2) HDL Compilation
  3) Design Hierarchy Analysis
  4) HDL Analysis
  5) HDL Synthesis
     5.1) HDL Synthesis Report
  6) Advanced HDL Synthesis
     6.1) Advanced HDL Synthesis Report
  7) Low Level Synthesis
  8) Partition Report
  9) Final Report
	9.1) Device utilization summary
	9.2) Partition Resource Summary
	9.3) TIMING REPORT


=========================================================================
*                      Synthesis Options Summary                        *
=========================================================================
---- Source Parameters
Input File Name                    : "top.prj"
Input Format                       : mixed
Ignore Synthesis Constraint File   : NO

---- Target Parameters
Output File Name                   : "top"
Output Format                      : NGC
Target Device                      : xc5vlx50t-1-ff1136

---- Source Options
Top Module Name                    : top
Automatic FSM Extraction           : YES
FSM Encoding Algorithm             : Auto
Safe Implementation                : No
FSM Style                          : LUT
RAM Extraction                     : Yes
RAM Style                          : Auto
ROM Extraction                     : Yes
Mux Style                          : Auto
Decoder Extraction                 : YES
Priority Encoder Extraction        : Yes
Shift Register Extraction          : YES
Logical Shifter Extraction         : YES
XOR Collapsing                     : YES
ROM Style                          : Auto
Mux Extraction                     : Yes
Resource Sharing                   : YES
Asynchronous To Synchronous        : NO
Use DSP Block                      : Auto
Automatic Register Balancing       : No

---- Target Options
LUT Combining                      : Auto
Reduce Control Sets                : Auto
Add IO Buffers                     : YES
Global Maximum Fanout              : 100000
Add Generic Clock Buffer(BUFG)     : 32
Register Duplication               : YES
Slice Packing                      : YES
Optimize Instantiated Primitives   : NO
Use Clock Enable                   : Auto
Use Synchronous Set                : Auto
Use Synchronous Reset              : Auto
Pack IO Registers into IOBs        : Auto
Equivalent register Removal        : YES

---- General Options
Optimization Goal                  : Speed
Optimization Effort                : 1
Power Reduction                    : NO
Keep Hierarchy                     : No
Netlist Hierarchy                  : As_Optimized
RTL Output                         : Yes
Global Optimization                : AllClockNets
Read Cores                         : YES
Write Timing Constraints           : NO
Cross Clock Analysis               : NO
Hierarchy Separator                : /
Bus Delimiter                      : <>
Case Specifier                     : Maintain
Slice Utilization Ratio            : 100
BRAM Utilization Ratio             : 100
DSP48 Utilization Ratio            : 100
Verilog 2001                       : YES
Auto BRAM Packing                  : NO
Slice Utilization Ratio Delta      : 5

---- Other Options
Cores Search Directories           : {"../ipcore_dir"  }

=========================================================================


=========================================================================
*                          HDL Compilation                              *
=========================================================================
Compiling vhdl file "/home/yukiimai/Sandbox/2015_winter/Carina/core/p_type.vhd" in Library work.
Architecture p_type of Entity p_type is up to date.
Compiling vhdl file "/home/yukiimai/Sandbox/2015_winter/Carina/core/ipcore_dir/fifo8.vhd" in Library work.
Entity <fifo8> compiled.
Entity <fifo8> (Architecture <fifo8_a>) compiled.
Compiling vhdl file "/home/yukiimai/Sandbox/2015_winter/Carina/core/IO_Unit/receiver.vhd" in Library work.
Entity <receiver> compiled.
Entity <receiver> (Architecture <RTL>) compiled.
Compiling vhdl file "/home/yukiimai/Sandbox/2015_winter/Carina/core/IO_Unit/sender.vhd" in Library work.
Entity <sender> compiled.
Entity <sender> (Architecture <RTL>) compiled.
Compiling vhdl file "/home/yukiimai/Sandbox/2015_winter/Carina/core/BRAM_INST_FOR_TEST.vhd" in Library work.
Architecture pohe of Entity bram_inst is up to date.
Compiling vhdl file "/home/yukiimai/Sandbox/2015_winter/Carina/core/alu.vhd" in Library work.
Entity <alu> compiled.
Entity <alu> (Architecture <pohe>) compiled.
Compiling vhdl file "/home/yukiimai/Sandbox/2015_winter/Carina/core/IO_Unit/sender_wrapper.vhd" in Library work.
Entity <sender_wrapper> compiled.
Entity <sender_wrapper> (Architecture <RTL>) compiled.
Compiling vhdl file "/home/yukiimai/Sandbox/2015_winter/Carina/core/IO_Unit/receiver_wrapper.vhd" in Library work.
Entity <receiver_wrapper> compiled.
Entity <receiver_wrapper> (Architecture <RTL>) compiled.
Compiling vhdl file "/home/yukiimai/Sandbox/2015_winter/Carina/core/IO_Unit/IO_module.vhd" in Library work.
Entity <IO_module> compiled.
Entity <IO_module> (Architecture <RTL>) compiled.
Compiling vhdl file "/home/yukiimai/Sandbox/2015_winter/Carina/core/cpu.vhd" in Library work.
Architecture rtl of Entity cpu is up to date.
Compiling vhdl file "/home/yukiimai/Sandbox/2015_winter/Carina/core/Carina.vhd" in Library work.
ERROR:HDLParsers:3312 - "/home/yukiimai/Sandbox/2015_winter/Carina/core/Carina.vhd" Line 56. Undefined symbol 'ZERO'.
ERROR:HDLParsers:1209 - "/home/yukiimai/Sandbox/2015_winter/Carina/core/Carina.vhd" Line 56. ZERO: Undefined symbol (last report in this block)
ERROR:HDLParsers:1202 - "/home/yukiimai/Sandbox/2015_winter/Carina/core/Carina.vhd" Line 59. Redeclaration of symbol debug.
ERROR:HDLParsers:3312 - "/home/yukiimai/Sandbox/2015_winter/Carina/core/Carina.vhd" Line 71. Undefined symbol 'CPU'.
--> 


Total memory usage is 539656 kilobytes

Number of errors   :    4 (   0 filtered)
Number of warnings :    0 (   0 filtered)
Number of infos    :    0 (   0 filtered)

